
Thu 14 Mar 2024 08:51:09 PM UTC: 
 exercises.c | 48 +++++++++++++++++++++++++++++++++++++++++++-----
 1 file changed, 43 insertions(+), 5 deletions(-)
In file included from test.c:1:
exercises.c:1:3: error: stray ‘#’ in program
    1 | a #include <ctype.h>
      |   ^
exercises.c:1:1: error: unknown type name ‘a’
    1 | a #include <ctype.h>
      | ^
exercises.c:1:12: error: expected ‘=’, ‘,’, ‘;’, ‘asm’ or ‘__attribute__’ before ‘<’ token
    1 | a #include <ctype.h>
      |            ^
In file included from /nix/store/4pqv2mwdn88h7xvsm7a5zplrd8sxzvw0-glibc-2.35-163-dev/include/stdlib.h:395,
                 from exercises.c:4,
                 from test.c:1:
/nix/store/4pqv2mwdn88h7xvsm7a5zplrd8sxzvw0-glibc-2.35-163-dev/include/sys/types.h:33:9: error: unknown type name ‘__u_char’
   33 | typedef __u_char u_char;
      |         ^~~~~~~~
In file included from test.c:1:
exercises.c: In function ‘findMax’:
exercises.c:13:3: error: ‘valorMasGrande’ undeclared (first use in this function)
   13 |   valorMasGrande = 0;
      |   ^~~~~~~~~~~~~~
exercises.c:13:3: note: each undeclared identifier is reported only once for each function it appears in
exercises.c: In function ‘mergeSortedArrays’:
exercises.c:66:34: error: expected statement before ‘)’ token
   66 |   for (int i = 0; i < size1; i++))
      |                                  ^
exercises.c:68:18: error: ‘i’ undeclared (first use in this function)
   68 |     nuevoArreglo[i] = arr1[i];
      |                  ^
exercises.c:74:23: error: ‘size_1’ undeclared (first use in this function); did you mean ‘size1’?
   74 |   qsort (nuevoArreglo,size_1 + size_2, sizeof(int), comparar);
      |                       ^~~~~~
      |                       size1
exercises.c:74:32: error: ‘size_2’ undeclared (first use in this function); did you mean ‘size2’?
   74 |   qsort (nuevoArreglo,size_1 + size_2, sizeof(int), comparar);
      |                                ^~~~~~
      |                                size2
exercises.c:74:53: error: passing argument 4 of ‘qsort’ from incompatible pointer type [-Werror=incompatible-pointer-types]
   74 |   qsort (nuevoArreglo,size_1 + size_2, sizeof(int), comparar);
      |                                                     ^~~~~~~~
      |                                                     |
      |                                                     size_t (*)(const void *, const void *) {aka long unsigned int (*)(const void *, const void *)}
In file included from exercises.c:4,
                 from test.c:1:
/nix/store/4pqv2mwdn88h7xvsm7a5zplrd8sxzvw0-glibc-2.35-163-dev/include/stdlib.h:839:34: note: expected ‘__compar_fn_t’ {aka ‘int (*)(const void *, const void *)’} but argument is of type ‘size_t (*)(const void *, const void *)’ {aka ‘long unsigned int (*)(const void *, const void *)’}
  839 |                    __compar_fn_t __compar) __nonnull ((1, 4));
      |                    ~~~~~~~~~~~~~~^~~~~~~~
In file included from test.c:1:
exercises.c:75:10: error: ‘return’ with a value, in function returning void [-Werror=return-type]
   75 |   return nuevoArreglo;
      |          ^~~~~~~~~~~~
exercises.c:63:6: note: declared here
   63 | void mergeSortedArrays(int arr1[], int size1, int arr2[], int size2,int result[]) {
      |      ^~~~~~~~~~~~~~~~~
exercises.c: In function ‘findMax’:
exercises.c:23:1: error: control reaches end of non-void function [-Werror=return-type]
   23 | }
      | ^
exercises.c: In function ‘filterEvenNumbers’:
exercises.c:50:1: error: control reaches end of non-void function [-Werror=return-type]
   50 | }
      | ^
exercises.c: In function ‘comparar’:
exercises.c:61:1: error: control reaches end of non-void function [-Werror=return-type]
   61 | }
      | ^
cc1: all warnings being treated as errors
Compilation failed
e0c905c
Thu 14 Mar 2024 08:52:36 PM UTC: 
 exercises.c | 2 +-
 1 file changed, 1 insertion(+), 1 deletion(-)
In file included from test.c:1:
exercises.c: In function ‘findMax’:
exercises.c:13:3: error: ‘valorMasGrande’ undeclared (first use in this function)
   13 |   valorMasGrande = 0;
      |   ^~~~~~~~~~~~~~
exercises.c:13:3: note: each undeclared identifier is reported only once for each function it appears in
exercises.c: In function ‘mergeSortedArrays’:
exercises.c:66:34: error: expected statement before ‘)’ token
   66 |   for (int i = 0; i < size1; i++))
      |                                  ^
exercises.c:68:18: error: ‘i’ undeclared (first use in this function)
   68 |     nuevoArreglo[i] = arr1[i];
      |                  ^
exercises.c:74:23: error: ‘size_1’ undeclared (first use in this function); did you mean ‘size1’?
   74 |   qsort (nuevoArreglo,size_1 + size_2, sizeof(int), comparar);
      |                       ^~~~~~
      |                       size1
exercises.c:74:32: error: ‘size_2’ undeclared (first use in this function); did you mean ‘size2’?
   74 |   qsort (nuevoArreglo,size_1 + size_2, sizeof(int), comparar);
      |                                ^~~~~~
      |                                size2
exercises.c:74:53: error: passing argument 4 of ‘qsort’ from incompatible pointer type [-Werror=incompatible-pointer-types]
   74 |   qsort (nuevoArreglo,size_1 + size_2, sizeof(int), comparar);
      |                                                     ^~~~~~~~
      |                                                     |
      |                                                     size_t (*)(const void *, const void *) {aka long unsigned int (*)(const void *, const void *)}
In file included from exercises.c:4,
                 from test.c:1:
/nix/store/4pqv2mwdn88h7xvsm7a5zplrd8sxzvw0-glibc-2.35-163-dev/include/stdlib.h:839:34: note: expected ‘__compar_fn_t’ {aka ‘int (*)(const void *, const void *)’} but argument is of type ‘size_t (*)(const void *, const void *)’ {aka ‘long unsigned int (*)(const void *, const void *)’}
  839 |                    __compar_fn_t __compar) __nonnull ((1, 4));
      |                    ~~~~~~~~~~~~~~^~~~~~~~
In file included from test.c:1:
exercises.c:75:10: error: ‘return’ with a value, in function returning void [-Werror=return-type]
   75 |   return nuevoArreglo;
      |          ^~~~~~~~~~~~
exercises.c:63:6: note: declared here
   63 | void mergeSortedArrays(int arr1[], int size1, int arr2[], int size2,int result[]) {
      |      ^~~~~~~~~~~~~~~~~
exercises.c: In function ‘findMax’:
exercises.c:23:1: error: control reaches end of non-void function [-Werror=return-type]
   23 | }
      | ^
exercises.c: In function ‘filterEvenNumbers’:
exercises.c:50:1: error: control reaches end of non-void function [-Werror=return-type]
   50 | }
      | ^
exercises.c: In function ‘comparar’:
exercises.c:61:1: error: control reaches end of non-void function [-Werror=return-type]
   61 | }
      | ^
cc1: all warnings being treated as errors
Compilation failed
ed4c625
Thu 14 Mar 2024 08:55:11 PM UTC: 
 exercises.c | 13 +++++--------
 1 file changed, 5 insertions(+), 8 deletions(-)
In file included from test.c:1:
exercises.c: In function ‘mergeSortedArrays’:
exercises.c:71:51: error: ‘comparar’ undeclared (first use in this function)
   71 |   qsort (nuevoArreglo,size1 + size2, sizeof(int), comparar);
      |                                                   ^~~~~~~~
exercises.c:71:51: note: each undeclared identifier is reported only once for each function it appears in
exercises.c:72:10: error: ‘return’ with a value, in function returning void [-Werror=return-type]
   72 |   return nuevoArreglo;
      |          ^~~~~~~~~~~~
exercises.c:60:6: note: declared here
   60 | void mergeSortedArrays(int arr1[], int size1, int arr2[], int size2,int result[]) {
      |      ^~~~~~~~~~~~~~~~~
exercises.c: In function ‘filterEvenNumbers’:
exercises.c:50:1: error: control reaches end of non-void function [-Werror=return-type]
   50 | }
      | ^
cc1: all warnings being treated as errors
Compilation failed
669d260
Thu 14 Mar 2024 08:57:18 PM UTC: 
 exercises.c | 8 ++++++++
 1 file changed, 8 insertions(+)
In file included from test.c:1:
exercises.c: In function ‘mergeSortedArrays’:
exercises.c:79:10: error: ‘return’ with a value, in function returning void [-Werror=return-type]
   79 |   return nuevoArreglo;
      |          ^~~~~~~~~~~~
exercises.c:67:6: note: declared here
   67 | void mergeSortedArrays(int arr1[], int size1, int arr2[], int size2,int result[]) {
      |      ^~~~~~~~~~~~~~~~~
exercises.c: In function ‘filterEvenNumbers’:
exercises.c:49:1: error: control reaches end of non-void function [-Werror=return-type]
   49 | }
      | ^
cc1: all warnings being treated as errors
Compilation failed
a3ce4fb
Thu 14 Mar 2024 08:59:02 PM UTC: 
In file included from test.c:1:
exercises.c: In function ‘mergeSortedArrays’:
exercises.c:80:10: error: ‘return’ with a value, in function returning void [-Werror=return-type]
   80 |   return nuevoArreglo;
      |          ^~~~~~~~~~~~
exercises.c:67:6: note: declared here
   67 | void mergeSortedArrays(int arr1[], int size1, int arr2[], int size2,int result[]) {
      |      ^~~~~~~~~~~~~~~~~
exercises.c: In function ‘filterEvenNumbers’:
exercises.c:49:1: error: control reaches end of non-void function [-Werror=return-type]
   49 | }
      | ^
cc1: all warnings being treated as errors
Compilation failed
e1866a0
Thu 14 Mar 2024 08:59:30 PM UTC: 
 exercises.c | 6 +++---
 1 file changed, 3 insertions(+), 3 deletions(-)
In file included from test.c:1:
exercises.c: In function ‘mergeSortedArrays’:
exercises.c:80:10: error: ‘return’ with a value, in function returning void [-Werror=return-type]
   80 |   return nuevoArreglo;
      |          ^~~~~~~~~~~~
exercises.c:66:6: note: declared here
   66 | void mergeSortedArrays(int arr1[], int size1, int arr2[], int size2,int result[])
      |      ^~~~~~~~~~~~~~~~~
exercises.c: In function ‘filterEvenNumbers’:
exercises.c:48:60: error: control reaches end of non-void function [-Werror=return-type]
   48 | int *filterEvenNumbers(int arr[], int size, int *newSize) {}
      |                                                            ^
cc1: all warnings being treated as errors
Compilation failed
6544f3a
Thu 14 Mar 2024 09:00:40 PM UTC: 
In file included from test.c:1:
exercises.c: In function ‘mergeSortedArrays’:
exercises.c:80:10: error: ‘return’ with a value, in function returning void [-Werror=return-type]
   80 |   return nuevoArreglo;
      |          ^~~~~~~~~~~~
exercises.c:66:6: note: declared here
   66 | void mergeSortedArrays(int arr1[], int size1, int arr2[], int size2,int result[])
      |      ^~~~~~~~~~~~~~~~~
exercises.c: In function ‘filterEvenNumbers’:
exercises.c:48:60: error: control reaches end of non-void function [-Werror=return-type]
   48 | int *filterEvenNumbers(int arr[], int size, int *newSize) {}
      |                                                            ^
cc1: all warnings being treated as errors
Compilation failed
0114024
Thu 14 Mar 2024 09:00:43 PM UTC: 
In file included from test.c:1:
exercises.c: In function ‘mergeSortedArrays’:
exercises.c:80:10: error: ‘return’ with a value, in function returning void [-Werror=return-type]
   80 |   return nuevoArreglo;
      |          ^~~~~~~~~~~~
exercises.c:66:6: note: declared here
   66 | void mergeSortedArrays(int arr1[], int size1, int arr2[], int size2,int result[])
      |      ^~~~~~~~~~~~~~~~~
exercises.c: In function ‘filterEvenNumbers’:
exercises.c:48:60: error: control reaches end of non-void function [-Werror=return-type]
   48 | int *filterEvenNumbers(int arr[], int size, int *newSize) {}
      |                                                            ^
cc1: all warnings being treated as errors
Compilation failed
b71fd7a
Thu 14 Mar 2024 09:01:11 PM UTC: 
 exercises.c | 3 ---
 1 file changed, 3 deletions(-)
In file included from test.c:1:
exercises.c: In function ‘filterEvenNumbers’:
exercises.c:48:60: error: control reaches end of non-void function [-Werror=return-type]
   48 | int *filterEvenNumbers(int arr[], int size, int *newSize) {}
      |                                                            ^
cc1: all warnings being treated as errors
Compilation failed
d82275e
Thu 14 Mar 2024 09:04:51 PM UTC: 
 exercises.c | 11 +++++++++--
 1 file changed, 9 insertions(+), 2 deletions(-)
In file included from test.c:1:
exercises.c: In function ‘filterEvenNumbers’:
exercises.c:48:60: error: control reaches end of non-void function [-Werror=return-type]
   48 | int *filterEvenNumbers(int arr[], int size, int *newSize) {}
      |                                                            ^
cc1: all warnings being treated as errors
Compilation failed
c3c3788
Thu 14 Mar 2024 09:07:45 PM UTC: 
In file included from test.c:1:
exercises.c: In function ‘filterEvenNumbers’:
exercises.c:48:60: error: control reaches end of non-void function [-Werror=return-type]
   48 | int *filterEvenNumbers(int arr[], int size, int *newSize) {}
      |                                                            ^
cc1: all warnings being treated as errors
Compilation failed
bdf476a
Thu 14 Mar 2024 09:09:24 PM UTC: 
 exercises.c | 2 +-
 1 file changed, 1 insertion(+), 1 deletion(-)
 tests:  0|4
total_score: 30/70
3d60db3
Thu 14 Mar 2024 09:15:06 PM UTC: 
 exercises.c | 8 ++++----
 1 file changed, 4 insertions(+), 4 deletions(-)
 tests:  0|4
total_score: 30/70
637161d
Thu 14 Mar 2024 09:16:50 PM UTC: 
 exercises.c | 2 +-
 1 file changed, 1 insertion(+), 1 deletion(-)
 tests:  0|3
total_score: 40/70
137fa5f
Thu 14 Mar 2024 09:21:39 PM UTC: 
 exercises.c | 7 ++++++-
 1 file changed, 6 insertions(+), 1 deletion(-)
 tests:  0|3
total_score: 40/70
470503b
Thu 14 Mar 2024 09:26:15 PM UTC: 
 exercises.c | 9 ++++++++-
 1 file changed, 8 insertions(+), 1 deletion(-)
In file included from test.c:1:
exercises.c: In function ‘checkSorted’:
exercises.c:92:7: error: ‘vairable’ undeclared (first use in this function); did you mean ‘variable’?
   92 |       vairable = -1;
      |       ^~~~~~~~
      |       variable
exercises.c:92:7: note: each undeclared identifier is reported only once for each function it appears in
exercises.c:87:7: error: unused variable ‘variable’ [-Werror=unused-variable]
   87 |   int variable = -2;
      |       ^~~~~~~~
cc1: all warnings being treated as errors
Compilation failed
ae0f1c7
Thu 14 Mar 2024 09:26:36 PM UTC: 
 exercises.c | 2 +-
 1 file changed, 1 insertion(+), 1 deletion(-)
In file included from test.c:1:
exercises.c: In function ‘checkSorted’:
exercises.c:92:7: error: ‘vairable’ undeclared (first use in this function); did you mean ‘variable’?
   92 |       vairable = -1;
      |       ^~~~~~~~
      |       variable
exercises.c:92:7: note: each undeclared identifier is reported only once for each function it appears in
Compilation failed
2ed524b
Thu 14 Mar 2024 09:26:47 PM UTC: 
 exercises.c | 2 +-
 1 file changed, 1 insertion(+), 1 deletion(-)
 tests:  0|3
total_score: 40/70
1cc919d
Sat 16 Mar 2024 02:08:25 AM UTC: 
 exercises.c | 10 +++++++++-
 1 file changed, 9 insertions(+), 1 deletion(-)
In file included from test.c:1:
exercises.c: In function ‘checkSorted’:
exercises.c:93:31: error: expected statement before ‘)’ token
   93 |       if (arr[i] < arr[i + 1]))
      |                               ^
Compilation failed
f2d0274
Sat 16 Mar 2024 02:08:30 AM UTC: 
 exercises.c | 2 +-
 1 file changed, 1 insertion(+), 1 deletion(-)
 tests:  0|3
total_score: 40/70
aa702d5
Sat 16 Mar 2024 02:10:47 AM UTC: 
 exercises.c | 2 +-
 1 file changed, 1 insertion(+), 1 deletion(-)
 tests:  0|3
total_score: 40/70
b2a997f
Sat 16 Mar 2024 02:11:01 AM UTC: 
 exercises.c | 2 +-
 1 file changed, 1 insertion(+), 1 deletion(-)
 tests:  0|3
total_score: 40/70
50457a2
Sat 16 Mar 2024 02:12:55 AM UTC: 
 exercises.c | 11 ++++++++++-
 1 file changed, 10 insertions(+), 1 deletion(-)
In file included from test.c:1:
exercises.c: In function ‘checkSorted’:
exercises.c:101:28: error: expected ‘)’ before ‘{’ token
  101 |     if (arr[i] < arr[i + 1]
      |        ~                   ^
      |                            )
  102 |     {
      |     ~                       
exercises.c:112:3: error: expected expression before ‘}’ token
  112 |   }
      |   ^
Compilation failed
73ea5cf
Sat 16 Mar 2024 02:13:04 AM UTC: 
 exercises.c | 2 +-
 1 file changed, 1 insertion(+), 1 deletion(-)
 tests:  0|3
total_score: 40/70
85bf1e5
Sat 16 Mar 2024 02:14:04 AM UTC: 
 exercises.c | 16 ++++------------
 1 file changed, 4 insertions(+), 12 deletions(-)
 tests:  0|3
total_score: 40/70
158d8a4
Sat 16 Mar 2024 02:14:44 AM UTC: 
 exercises.c | 4 ++++
 1 file changed, 4 insertions(+)
In file included from test.c:1:
exercises.c: In function ‘checkSorted’:
exercises.c:94:12: error: expected ‘(’ before ‘*’ token
   94 |         if *variables == 1)
      |            ^
      |            (
exercises.c:94:13: error: ‘variables’ undeclared (first use in this function); did you mean ‘variable’?
   94 |         if *variables == 1)
      |             ^~~~~~~~~
      |             variable
exercises.c:94:13: note: each undeclared identifier is reported only once for each function it appears in
exercises.c:94:9: error: this ‘if’ clause does not guard... [-Werror=misleading-indentation]
   94 |         if *variables == 1)
      |         ^~
exercises.c:94:27: note: ...this statement, but the latter is misleadingly indented as if it were guarded by the ‘if’
   94 |         if *variables == 1)
      |                           ^
exercises.c:94:27: error: expected statement before ‘)’ token
cc1: all warnings being treated as errors
Compilation failed
28a746f
Sat 16 Mar 2024 02:14:54 AM UTC: 
 exercises.c | 2 +-
 1 file changed, 1 insertion(+), 1 deletion(-)
In file included from test.c:1:
exercises.c: In function ‘checkSorted’:
exercises.c:94:12: error: expected ‘(’ before ‘variable’
   94 |         if variable == 1)
      |            ^~~~~~~~
      |            (
exercises.c:94:12: error: statement with no effect [-Werror=unused-value]
   94 |         if variable == 1)
      |            ^~~~~~~~
exercises.c:94:9: error: this ‘if’ clause does not guard... [-Werror=misleading-indentation]
   94 |         if variable == 1)
      |         ^~
exercises.c:94:25: note: ...this statement, but the latter is misleadingly indented as if it were guarded by the ‘if’
   94 |         if variable == 1)
      |                         ^
exercises.c:94:25: error: expected statement before ‘)’ token
cc1: all warnings being treated as errors
Compilation failed
206017c
Sat 16 Mar 2024 02:14:59 AM UTC: 
 exercises.c | 2 +-
 1 file changed, 1 insertion(+), 1 deletion(-)
 tests:  0|3
total_score: 40/70
f85e830
Sat 16 Mar 2024 02:16:06 AM UTC: 
 exercises.c | 2 +-
 1 file changed, 1 insertion(+), 1 deletion(-)
 tests:  0|3
total_score: 40/70
046f611
Sat 16 Mar 2024 02:16:42 AM UTC: 
 exercises.c | 23 +++++++----------------
 1 file changed, 7 insertions(+), 16 deletions(-)
 tests:  0|2
total_score: 50/70
e4cd3f8
Sat 16 Mar 2024 02:20:06 AM UTC: 
 exercises.c | 16 +++++++++++-----
 1 file changed, 11 insertions(+), 5 deletions(-)
 tests:  0|3
total_score: 40/70
083fadb
Sat 16 Mar 2024 02:20:49 AM UTC: 
 exercises.c | 5 +++--
 1 file changed, 3 insertions(+), 2 deletions(-)
 tests:  0|3
total_score: 40/70
461be42
